INFO  time: initialize in 1.05s
WARN  no build tool detected in workspace 'C:\Users\USER\OneDrive\Documents\GitHub\Assignment - Functions and Data'. The most common cause for this problem is that the editor was opened in the wrong working directory, for example if you use sbt then the workspace directory should contain build.sbt. 
WARN  no build target: C:\Users\USER\OneDrive\Documents\GitHub\Assignment - Functions and Data\Q1\Q1.scala
INFO  no build target: using presentation compiler with only scala-library
WARN  no build tool detected in workspace 'C:\Users\USER\OneDrive\Documents\GitHub\Assignment - Functions and Data'. The most common cause for this problem is that the editor was opened in the wrong working directory, for example if you use sbt then the workspace directory should contain build.sbt. 
WARN  no build target: C:\Users\USER\OneDrive\Documents\GitHub\Assignment - Functions and Data\Q1\Q1.scala
WARN  no build target: C:\Users\USER\OneDrive\Documents\GitHub\Assignment - Functions and Data\Q1\Q1.scala
WARN  no build target: 
WARN  no build target: C:\Users\USER\OneDrive\Documents\GitHub\Assignment - Functions and Data\Q1\Q1.scala
WARN  no build target: 
WARN  no build target: C:\Users\USER\OneDrive\Documents\GitHub\Assignment - Functions and Data\Q1\Q1.scala
WARN  no build target: 
WARN  no build target: C:\Users\USER\OneDrive\Documents\GitHub\Assignment - Functions and Data\Q1\Q1.scala
WARN  no build target: 
WARN  no build target: C:\Users\USER\OneDrive\Documents\GitHub\Assignment - Functions and Data\Q1\Q1.scala
WARN  no build target: 
WARN  no build tool detected in workspace 'C:\Users\USER\OneDrive\Documents\GitHub\Assignment - Functions and Data'. The most common cause for this problem is that the editor was opened in the wrong working directory, for example if you use sbt then the workspace directory should contain build.sbt. 
WARN  no build target: C:\Users\USER\OneDrive\Documents\GitHub\Assignment - Functions and Data\Q1\Q1.scala
WARN  no build target: 
WARN  no build target: C:\Users\USER\OneDrive\Documents\GitHub\Assignment - Functions and Data\Q1\Q1.scala
WARN  no build target: 
WARN  no build target: C:\Users\USER\OneDrive\Documents\GitHub\Assignment - Functions and Data\Q1\Q1.scala
WARN  no build target: 
WARN  no build target: C:\Users\USER\OneDrive\Documents\GitHub\Assignment - Functions and Data\Q1\Q1.scala
WARN  no build target: 
WARN  no build target: C:\Users\USER\OneDrive\Documents\GitHub\Assignment - Functions and Data\Q1\Q1.scala
WARN  no build target: 
WARN  no build target: C:\Users\USER\OneDrive\Documents\GitHub\Assignment - Functions and Data\Q1\Q1.scala
WARN  no build target: 
WARN  no build target: C:\Users\USER\OneDrive\Documents\GitHub\Assignment - Functions and Data\Q1\Q1.scala
WARN  no build target: 
WARN  no build tool detected in workspace 'C:\Users\USER\OneDrive\Documents\GitHub\Assignment - Functions and Data'. The most common cause for this problem is that the editor was opened in the wrong working directory, for example if you use sbt then the workspace directory should contain build.sbt. 
WARN  no build tool detected in workspace 'C:\Users\USER\OneDrive\Documents\GitHub\Assignment - Functions and Data'. The most common cause for this problem is that the editor was opened in the wrong working directory, for example if you use sbt then the workspace directory should contain build.sbt. 
WARN  no build tool detected in workspace 'C:\Users\USER\OneDrive\Documents\GitHub\Assignment - Functions and Data'. The most common cause for this problem is that the editor was opened in the wrong working directory, for example if you use sbt then the workspace directory should contain build.sbt. 
WARN  no build tool detected in workspace 'C:\Users\USER\OneDrive\Documents\GitHub\Assignment - Functions and Data'. The most common cause for this problem is that the editor was opened in the wrong working directory, for example if you use sbt then the workspace directory should contain build.sbt. 
WARN  no build tool detected in workspace 'C:\Users\USER\OneDrive\Documents\GitHub\Assignment - Functions and Data'. The most common cause for this problem is that the editor was opened in the wrong working directory, for example if you use sbt then the workspace directory should contain build.sbt. 
WARN  no build tool detected in workspace 'C:\Users\USER\OneDrive\Documents\GitHub\Assignment - Functions and Data'. The most common cause for this problem is that the editor was opened in the wrong working directory, for example if you use sbt then the workspace directory should contain build.sbt. 
WARN  no build tool detected in workspace 'C:\Users\USER\OneDrive\Documents\GitHub\Assignment - Functions and Data'. The most common cause for this problem is that the editor was opened in the wrong working directory, for example if you use sbt then the workspace directory should contain build.sbt. 
WARN  no build tool detected in workspace 'C:\Users\USER\OneDrive\Documents\GitHub\Assignment - Functions and Data'. The most common cause for this problem is that the editor was opened in the wrong working directory, for example if you use sbt then the workspace directory should contain build.sbt. 
WARN  no build target: C:\Users\USER\OneDrive\Documents\GitHub\Assignment - Functions and Data\Q1\Q1.scala
WARN  no build target: 
WARN  no build target: C:\Users\USER\OneDrive\Documents\GitHub\Assignment - Functions and Data\Q2\Q2.scala
WARN  no build target: C:\Users\USER\OneDrive\Documents\GitHub\Assignment - Functions and Data\Q2\Q2.scala
WARN  no build tool detected in workspace 'C:\Users\USER\OneDrive\Documents\GitHub\Assignment - Functions and Data'. The most common cause for this problem is that the editor was opened in the wrong working directory, for example if you use sbt then the workspace directory should contain build.sbt. 
WARN  no build target: C:\Users\USER\OneDrive\Documents\GitHub\Assignment - Functions and Data\Q1\Q1.scala
WARN  no build target: 
WARN  no build tool detected in workspace 'C:\Users\USER\OneDrive\Documents\GitHub\Assignment - Functions and Data'. The most common cause for this problem is that the editor was opened in the wrong working directory, for example if you use sbt then the workspace directory should contain build.sbt. 
WARN  no build target: C:\Users\USER\OneDrive\Documents\GitHub\Assignment - Functions and Data\Q1\Q1.scala
WARN  no build target: 
WARN  no build tool detected in workspace 'C:\Users\USER\OneDrive\Documents\GitHub\Assignment - Functions and Data'. The most common cause for this problem is that the editor was opened in the wrong working directory, for example if you use sbt then the workspace directory should contain build.sbt. 
WARN  no build target: C:\Users\USER\OneDrive\Documents\GitHub\Assignment - Functions and Data\Q1\Q1.scala
WARN  no build target: 
WARN  no build target: C:\Users\USER\OneDrive\Documents\GitHub\Assignment - Functions and Data\Q1\Q1.scala
WARN  no build target: 
WARN  no build tool detected in workspace 'C:\Users\USER\OneDrive\Documents\GitHub\Assignment - Functions and Data'. The most common cause for this problem is that the editor was opened in the wrong working directory, for example if you use sbt then the workspace directory should contain build.sbt. 
WARN  no build tool detected in workspace 'C:\Users\USER\OneDrive\Documents\GitHub\Assignment - Functions and Data'. The most common cause for this problem is that the editor was opened in the wrong working directory, for example if you use sbt then the workspace directory should contain build.sbt. 
WARN  no build tool detected in workspace 'C:\Users\USER\OneDrive\Documents\GitHub\Assignment - Functions and Data'. The most common cause for this problem is that the editor was opened in the wrong working directory, for example if you use sbt then the workspace directory should contain build.sbt. 
WARN  no build target: C:\Users\USER\OneDrive\Documents\GitHub\Assignment - Functions and Data\Q2\Q2.scala
WARN  no build target: 
WARN  no build target: C:\Users\USER\OneDrive\Documents\GitHub\Assignment - Functions and Data\Q2\Q2.scala
WARN  no build target: 
WARN  no build target: C:\Users\USER\OneDrive\Documents\GitHub\Assignment - Functions and Data\Q2\Q2.scala
WARN  no build target: 
WARN  no build target: C:\Users\USER\OneDrive\Documents\GitHub\Assignment - Functions and Data\Q2\Q2.scala
WARN  no build target: 
WARN  no build tool detected in workspace 'C:\Users\USER\OneDrive\Documents\GitHub\Assignment - Functions and Data'. The most common cause for this problem is that the editor was opened in the wrong working directory, for example if you use sbt then the workspace directory should contain build.sbt. 
WARN  no build target: C:\Users\USER\OneDrive\Documents\GitHub\Assignment - Functions and Data\Q2\Q2.scala
WARN  no build target: 
WARN  no build target: C:\Users\USER\OneDrive\Documents\GitHub\Assignment - Functions and Data\Q3\Q3.scala
WARN  no build target: C:\Users\USER\OneDrive\Documents\GitHub\Assignment - Functions and Data\Q3\Q3.scala
WARN  no build target: C:\Users\USER\OneDrive\Documents\GitHub\Assignment - Functions and Data\Q3\Q3.scala
WARN  no build target: 
WARN  no build target: C:\Users\USER\OneDrive\Documents\GitHub\Assignment - Functions and Data\Q3\Q3.scala
WARN  no build target: 
WARN  no build target: C:\Users\USER\OneDrive\Documents\GitHub\Assignment - Functions and Data\Q3\Q3.scala
WARN  no build target: 
WARN  no build tool detected in workspace 'C:\Users\USER\OneDrive\Documents\GitHub\Assignment - Functions and Data'. The most common cause for this problem is that the editor was opened in the wrong working directory, for example if you use sbt then the workspace directory should contain build.sbt. 
WARN  no build tool detected in workspace 'C:\Users\USER\OneDrive\Documents\GitHub\Assignment - Functions and Data'. The most common cause for this problem is that the editor was opened in the wrong working directory, for example if you use sbt then the workspace directory should contain build.sbt. 
WARN  no build target: C:\Users\USER\OneDrive\Documents\GitHub\Assignment - Functions and Data\Q3\Q3.scala
WARN  no build target: 
WARN  no build target: C:\Users\USER\OneDrive\Documents\GitHub\Assignment - Functions and Data\Q3\Q3.scala
WARN  no build target: 
WARN  no build tool detected in workspace 'C:\Users\USER\OneDrive\Documents\GitHub\Assignment - Functions and Data'. The most common cause for this problem is that the editor was opened in the wrong working directory, for example if you use sbt then the workspace directory should contain build.sbt. 
WARN  no build target: C:\Users\USER\OneDrive\Documents\GitHub\Assignment - Functions and Data\Q3\Q3.scala
WARN  no build target: 
WARN  no build target: C:\Users\USER\OneDrive\Documents\GitHub\Assignment - Functions and Data\Q3\Q3.scala
WARN  no build target: 
WARN  no build target: C:\Users\USER\OneDrive\Documents\GitHub\Assignment - Functions and Data\Q3\Q3.scala
WARN  no build target: 
WARN  no build tool detected in workspace 'C:\Users\USER\OneDrive\Documents\GitHub\Assignment - Functions and Data'. The most common cause for this problem is that the editor was opened in the wrong working directory, for example if you use sbt then the workspace directory should contain build.sbt. 
WARN  no build target: C:\Users\USER\OneDrive\Documents\GitHub\Assignment - Functions and Data\Q3\Q3.scala
WARN  no build target: 
WARN  no build tool detected in workspace 'C:\Users\USER\OneDrive\Documents\GitHub\Assignment - Functions and Data'. The most common cause for this problem is that the editor was opened in the wrong working directory, for example if you use sbt then the workspace directory should contain build.sbt. 
WARN  no build target: C:\Users\USER\OneDrive\Documents\GitHub\Assignment - Functions and Data\Q3\Q3.scala
WARN  no build target: 
WARN  no build target: C:\Users\USER\OneDrive\Documents\GitHub\Assignment - Functions and Data\Q3\Q3.scala
WARN  no build target: 
Aug 20, 2021 10:31:09 PM scala.meta.internal.pc.Completions completionPosition
SEVERE: null
java.lang.NullPointerException
	at scala.meta.internal.pc.Completions$CompletionPosition$Override.<init>(Completions.scala:948)
	at scala.meta.internal.pc.Completions.completionPositionUnsafe(Completions.scala:467)
	at scala.meta.internal.pc.Completions.completionPositionUnsafe$(Completions.scala:387)
	at scala.meta.internal.pc.MetalsGlobal.completionPositionUnsafe(MetalsGlobal.scala:23)
	at scala.meta.internal.pc.Completions.completionPosition(Completions.scala:379)
	at scala.meta.internal.pc.Completions.completionPosition$(Completions.scala:364)
	at scala.meta.internal.pc.MetalsGlobal.completionPosition(MetalsGlobal.scala:23)
	at scala.meta.internal.pc.CompletionProvider.safeCompletionsAt(CompletionProvider.scala:397)
	at scala.meta.internal.pc.CompletionProvider.completions(CompletionProvider.scala:47)
	at scala.meta.internal.pc.ScalaPresentationCompiler.$anonfun$complete$1(ScalaPresentationCompiler.scala:86)
	at scala.meta.internal.pc.CompilerAccess.withSharedCompiler(CompilerAccess.scala:119)
	at scala.meta.internal.pc.CompilerAccess.$anonfun$withInterruptableCompiler$1(CompilerAccess.scala:76)
	at scala.meta.internal.pc.CompilerAccess.$anonfun$onCompilerJobQueue$1(CompilerAccess.scala:191)
	at scala.meta.internal.pc.CompilerJobQueue$Job.run(CompilerJobQueue.scala:73)
	at java.util.concurrent.ThreadPoolExecutor.runWorker(Unknown Source)
	at java.util.concurrent.ThreadPoolExecutor$Worker.run(Unknown Source)
	at java.lang.Thread.run(Unknown Source)

WARN  no build tool detected in workspace 'C:\Users\USER\OneDrive\Documents\GitHub\Assignment - Functions and Data'. The most common cause for this problem is that the editor was opened in the wrong working directory, for example if you use sbt then the workspace directory should contain build.sbt. 
WARN  no build tool detected in workspace 'C:\Users\USER\OneDrive\Documents\GitHub\Assignment - Functions and Data'. The most common cause for this problem is that the editor was opened in the wrong working directory, for example if you use sbt then the workspace directory should contain build.sbt. 
WARN  no build target: C:\Users\USER\OneDrive\Documents\GitHub\Assignment - Functions and Data\Q3\Q3.scala
WARN  no build target: 
WARN  no build target: C:\Users\USER\OneDrive\Documents\GitHub\Assignment - Functions and Data\Q3\Q3.scala
  C:\Users\USER\OneDrive\Documents\GitHub\Assignment - Functions and Data\Q3\Q3.scala
WARN  no build target: C:\Users\USER\OneDrive\Documents\GitHub\Assignment - Functions and Data\Q3\Q3.scala
WARN  no build target: C:\Users\USER\OneDrive\Documents\GitHub\Assignment - Functions and Data\Q3\Q3.scala
WARN  no build target: 
WARN  no build target: C:\Users\USER\OneDrive\Documents\GitHub\Assignment - Functions and Data\Q3\Q3.scala
WARN  no build target: 
WARN  no build target: C:\Users\USER\OneDrive\Documents\GitHub\Assignment - Functions and Data\Q4\Q4.scala
WARN  no build target: C:\Users\USER\OneDrive\Documents\GitHub\Assignment - Functions and Data\Q4\Q4.scala
WARN  no build tool detected in workspace 'C:\Users\USER\OneDrive\Documents\GitHub\Assignment - Functions and Data'. The most common cause for this problem is that the editor was opened in the wrong working directory, for example if you use sbt then the workspace directory should contain build.sbt. 
WARN  no build tool detected in workspace 'C:\Users\USER\OneDrive\Documents\GitHub\Assignment - Functions and Data'. The most common cause for this problem is that the editor was opened in the wrong working directory, for example if you use sbt then the workspace directory should contain build.sbt. 
something's wrong: no file:///C:/Users/USER/OneDrive/Documents/GitHub/Assignment%20-%20Functions%20and%20Data/Q4/Q4.scala in Array[<error>]RangePosition(file:///C:/Users/USER/OneDrive/Documents/GitHub/Assignment%20-%20Functions%20and%20Data/Q4/Q4.scala, 335, 335, 350)
something's wrong: no file:///C:/Users/USER/OneDrive/Documents/GitHub/Assignment%20-%20Functions%20and%20Data/Q4/Q4.scala in Array[<error>]RangePosition(file:///C:/Users/USER/OneDrive/Documents/GitHub/Assignment%20-%20Functions%20and%20Data/Q4/Q4.scala, 335, 335, 343)
something's wrong: no file:///C:/Users/USER/OneDrive/Documents/GitHub/Assignment%20-%20Functions%20and%20Data/Q4/Q4.scala in Array[<error>]RangePosition(file:///C:/Users/USER/OneDrive/Documents/GitHub/Assignment%20-%20Functions%20and%20Data/Q4/Q4.scala, 335, 335, 345)
something's wrong: no file:///C:/Users/USER/OneDrive/Documents/GitHub/Assignment%20-%20Functions%20and%20Data/Q4/Q4.scala in Array[Account]RangePosition(file:///C:/Users/USER/OneDrive/Documents/GitHub/Assignment%20-%20Functions%20and%20Data/Q4/Q4.scala, 335, 335, 349)
something's wrong: no file:///C:/Users/USER/OneDrive/Documents/GitHub/Assignment%20-%20Functions%20and%20Data/Q4/Q4.scala in Array[<error>]RangePosition(file:///C:/Users/USER/OneDrive/Documents/GitHub/Assignment%20-%20Functions%20and%20Data/Q4/Q4.scala, 335, 335, 348)
something's wrong: no file:///C:/Users/USER/OneDrive/Documents/GitHub/Assignment%20-%20Functions%20and%20Data/Q4/Q4.scala in Array[<error>]RangePosition(file:///C:/Users/USER/OneDrive/Documents/GitHub/Assignment%20-%20Functions%20and%20Data/Q4/Q4.scala, 335, 335, 350)
something's wrong: no file:///C:/Users/USER/OneDrive/Documents/GitHub/Assignment%20-%20Functions%20and%20Data/Q4/Q4.scala in Array[<error>]RangePosition(file:///C:/Users/USER/OneDrive/Documents/GitHub/Assignment%20-%20Functions%20and%20Data/Q4/Q4.scala, 335, 335, 343)
something's wrong: no file:///C:/Users/USER/OneDrive/Documents/GitHub/Assignment%20-%20Functions%20and%20Data/Q4/Q4.scala in Array[<error>]RangePosition(file:///C:/Users/USER/OneDrive/Documents/GitHub/Assignment%20-%20Functions%20and%20Data/Q4/Q4.scala, 335, 335, 345)
something's wrong: no file:///C:/Users/USER/OneDrive/Documents/GitHub/Assignment%20-%20Functions%20and%20Data/Q4/Q4.scala in Array[<error>]RangePosition(file:///C:/Users/USER/OneDrive/Documents/GitHub/Assignment%20-%20Functions%20and%20Data/Q4/Q4.scala, 335, 335, 346)
something's wrong: no file:///C:/Users/USER/OneDrive/Documents/GitHub/Assignment%20-%20Functions%20and%20Data/Q4/Q4.scala in Array[<error>]RangePosition(file:///C:/Users/USER/OneDrive/Documents/GitHub/Assignment%20-%20Functions%20and%20Data/Q4/Q4.scala, 335, 335, 347)
something's wrong: no file:///C:/Users/USER/OneDrive/Documents/GitHub/Assignment%20-%20Functions%20and%20Data/Q4/Q4.scala in Array[<error>]RangePosition(file:///C:/Users/USER/OneDrive/Documents/GitHub/Assignment%20-%20Functions%20and%20Data/Q4/Q4.scala, 335, 335, 348)
something's wrong: no file:///C:/Users/USER/OneDrive/Documents/GitHub/Assignment%20-%20Functions%20and%20Data/Q4/Q4.scala in Array[Account]RangePosition(file:///C:/Users/USER/OneDrive/Documents/GitHub/Assignment%20-%20Functions%20and%20Data/Q4/Q4.scala, 335, 335, 349)
something's wrong: no file:///C:/Users/USER/OneDrive/Documents/GitHub/Assignment%20-%20Functions%20and%20Data/Q4/Q4.scala in Array[Account]RangePosition(file:///C:/Users/USER/OneDrive/Documents/GitHub/Assignment%20-%20Functions%20and%20Data/Q4/Q4.scala, 335, 335, 349)
something's wrong: no file:///C:/Users/USER/OneDrive/Documents/GitHub/Assignment%20-%20Functions%20and%20Data/Q4/Q4.scala in Array[Account]RangePosition(file:///C:/Users/USER/OneDrive/Documents/GitHub/Assignment%20-%20Functions%20and%20Data/Q4/Q4.scala, 335, 335, 349)
WARN  no build tool detected in workspace 'C:\Users\USER\OneDrive\Documents\GitHub\Assignment - Functions and Data'. The most common cause for this problem is that the editor was opened in the wrong working directory, for example if you use sbt then the workspace directory should contain build.sbt. 
WARN  no build tool detected in workspace 'C:\Users\USER\OneDrive\Documents\GitHub\Assignment - Functions and Data'. The most common cause for this problem is that the editor was opened in the wrong working directory, for example if you use sbt then the workspace directory should contain build.sbt. 
WARN  no build tool detected in workspace 'C:\Users\USER\OneDrive\Documents\GitHub\Assignment - Functions and Data'. The most common cause for this problem is that the editor was opened in the wrong working directory, for example if you use sbt then the workspace directory should contain build.sbt. 
WARN  no build tool detected in workspace 'C:\Users\USER\OneDrive\Documents\GitHub\Assignment - Functions and Data'. The most common cause for this problem is that the editor was opened in the wrong working directory, for example if you use sbt then the workspace directory should contain build.sbt. 
WARN  no build tool detected in workspace 'C:\Users\USER\OneDrive\Documents\GitHub\Assignment - Functions and Data'. The most common cause for this problem is that the editor was opened in the wrong working directory, for example if you use sbt then the workspace directory should contain build.sbt. 
WARN  no build tool detected in workspace 'C:\Users\USER\OneDrive\Documents\GitHub\Assignment - Functions and Data'. The most common cause for this problem is that the editor was opened in the wrong working directory, for example if you use sbt then the workspace directory should contain build.sbt. 
WARN  no build tool detected in workspace 'C:\Users\USER\OneDrive\Documents\GitHub\Assignment - Functions and Data'. The most common cause for this problem is that the editor was opened in the wrong working directory, for example if you use sbt then the workspace directory should contain build.sbt. 
WARN  no build tool detected in workspace 'C:\Users\USER\OneDrive\Documents\GitHub\Assignment - Functions and Data'. The most common cause for this problem is that the editor was opened in the wrong working directory, for example if you use sbt then the workspace directory should contain build.sbt. 
WARN  no build target: C:\Users\USER\OneDrive\Documents\GitHub\Assignment - Functions and Data\Q4\Q4.scala
WARN  no build target: 
WARN  no build target: C:\Users\USER\OneDrive\Documents\GitHub\Assignment - Functions and Data\Q4\Q4.scala
WARN  no build target: 
WARN  no build target: C:\Users\USER\OneDrive\Documents\GitHub\Assignment - Functions and Data\Q4\Q4.scala
WARN  no build target: 
Aug 21, 2021 12:05:40 AM scala.meta.internal.pc.CompilerAccess handleError
SEVERE: null
java.lang.NullPointerException
	at scala.meta.internal.pc.HoverProvider.seenFromType(HoverProvider.scala:106)
	at scala.meta.internal.pc.HoverProvider.hover(HoverProvider.scala:42)

Aug 21, 2021 12:05:51 AM scala.meta.internal.pc.CompilerAccess handleError
SEVERE: null
java.lang.NullPointerException
	at scala.meta.internal.pc.HoverProvider.seenFromType(HoverProvider.scala:106)
	at scala.meta.internal.pc.HoverProvider.hover(HoverProvider.scala:42)

WARN  no build target: C:\Users\USER\OneDrive\Documents\GitHub\Assignment - Functions and Data\Q4\Q4.scala
WARN  no build target: 
WARN  no build tool detected in workspace 'C:\Users\USER\OneDrive\Documents\GitHub\Assignment - Functions and Data'. The most common cause for this problem is that the editor was opened in the wrong working directory, for example if you use sbt then the workspace directory should contain build.sbt. 
WARN  no build target: C:\Users\USER\OneDrive\Documents\GitHub\Assignment - Functions and Data\Q4\Q4.scala
WARN  no build target: 
WARN  no build target: C:\Users\USER\OneDrive\Documents\GitHub\Assignment - Functions and Data\Q4\Q4.scala
WARN  no build target: 
WARN  no build target: C:\Users\USER\OneDrive\Documents\GitHub\Assignment - Functions and Data\Q4\Q4.scala
WARN  no build target: 
WARN  no build tool detected in workspace 'C:\Users\USER\OneDrive\Documents\GitHub\Assignment - Functions and Data'. The most common cause for this problem is that the editor was opened in the wrong working directory, for example if you use sbt then the workspace directory should contain build.sbt. 
WARN  no build target: C:\Users\USER\OneDrive\Documents\GitHub\Assignment - Functions and Data\Q4\Q4.scala
WARN  no build target: 
WARN  no build target: C:\Users\USER\OneDrive\Documents\GitHub\Assignment - Functions and Data\Q4\Q4.scala
WARN  no build target: 
WARN  no build tool detected in workspace 'C:\Users\USER\OneDrive\Documents\GitHub\Assignment - Functions and Data'. The most common cause for this problem is that the editor was opened in the wrong working directory, for example if you use sbt then the workspace directory should contain build.sbt. 
WARN  no build target: C:\Users\USER\OneDrive\Documents\GitHub\Assignment - Functions and Data\Q4\Q4.scala
WARN  no build target: 
WARN  no build tool detected in workspace 'C:\Users\USER\OneDrive\Documents\GitHub\Assignment - Functions and Data'. The most common cause for this problem is that the editor was opened in the wrong working directory, for example if you use sbt then the workspace directory should contain build.sbt. 
WARN  no build target: C:\Users\USER\OneDrive\Documents\GitHub\Assignment - Functions and Data\Q4\Q4.scala
WARN  no build target: 
WARN  no build target: C:\Users\USER\OneDrive\Documents\GitHub\Assignment - Functions and Data\Q4\Q4.scala
WARN  no build target: 
WARN  no build target: C:\Users\USER\OneDrive\Documents\GitHub\Assignment - Functions and Data\Q4\Q4.scala
WARN  no build target: 
WARN  no build target: C:\Users\USER\OneDrive\Documents\GitHub\Assignment - Functions and Data\Q4\Q4.scala
WARN  no build target: 
WARN  no build tool detected in workspace 'C:\Users\USER\OneDrive\Documents\GitHub\Assignment - Functions and Data'. The most common cause for this problem is that the editor was opened in the wrong working directory, for example if you use sbt then the workspace directory should contain build.sbt. 
WARN  no build target: C:\Users\USER\OneDrive\Documents\GitHub\Assignment - Functions and Data\Q4\Q4.scala
WARN  no build target: 
WARN  no build target: C:\Users\USER\OneDrive\Documents\GitHub\Assignment - Functions and Data\Q4\Q4.scala
WARN  no build target: 
WARN  no build target: C:\Users\USER\OneDrive\Documents\GitHub\Assignment - Functions and Data\Q4\Q4.scala
WARN  no build target: 
WARN  no build target: C:\Users\USER\OneDrive\Documents\GitHub\Assignment - Functions and Data\Q4\Q4.scala
WARN  no build target: 
WARN  no build target: C:\Users\USER\OneDrive\Documents\GitHub\Assignment - Functions and Data\Q4\Q4.scala
WARN  no build target: 
WARN  no build tool detected in workspace 'C:\Users\USER\OneDrive\Documents\GitHub\Assignment - Functions and Data'. The most common cause for this problem is that the editor was opened in the wrong working directory, for example if you use sbt then the workspace directory should contain build.sbt. 
WARN  no build target: C:\Users\USER\OneDrive\Documents\GitHub\Assignment - Functions and Data\Q4\Q4.scala
WARN  no build target: 
WARN  no build tool detected in workspace 'C:\Users\USER\OneDrive\Documents\GitHub\Assignment - Functions and Data'. The most common cause for this problem is that the editor was opened in the wrong working directory, for example if you use sbt then the workspace directory should contain build.sbt. 
WARN  no build target: C:\Users\USER\OneDrive\Documents\GitHub\Assignment - Functions and Data\Q4\Q4.scala
WARN  no build target: 
WARN  no build target: C:\Users\USER\OneDrive\Documents\GitHub\Assignment - Functions and Data\Q4\Q4.scala
WARN  no build target: 
WARN  no build target: C:\Users\USER\OneDrive\Documents\GitHub\Assignment - Functions and Data\Q4\Q4.scala
WARN  no build target: 
WARN  no build target: C:\Users\USER\OneDrive\Documents\GitHub\Assignment - Functions and Data\Q4\Q4.scala
WARN  no build target: 
Aug 21, 2021 12:40:02 AM scala.meta.internal.pc.CompilerAccess retryWithCleanCompiler
INFO: compiler crashed due to an error in the Scala compiler, retrying with new compiler instance.
Aug 21, 2021 12:40:02 AM scala.meta.internal.pc.CompilerAccess handleError
SEVERE: scala.reflect.internal.Types$PolyType cannot be cast to scala.reflect.internal.Types$OverloadedType
java.lang.ClassCastException: scala.reflect.internal.Types$PolyType cannot be cast to scala.reflect.internal.Types$OverloadedType
	at scala.reflect.internal.Symbols$Symbol.alternatives(Symbols.scala:1972)
	at scala.meta.internal.pc.SignatureHelpProvider$MethodCall.alternatives(SignatureHelpProvider.scala:146)
	at scala.meta.internal.pc.SignatureHelpProvider$MethodCallTraverser.$anonfun$fromTree$2(SignatureHelpProvider.scala:272)
	at scala.meta.internal.pc.SignatureHelpProvider$MethodCallTraverser.$anonfun$fromTree$2$adapted(SignatureHelpProvider.scala:271)
	at scala.Option$WithFilter.$anonfun$withFilter$1(Option.scala:227)
	at scala.Option$WithFilter.$anonfun$withFilter$1$adapted(Option.scala:227)
	at scala.Option.filter(Option.scala:199)
	at scala.Option$WithFilter.map(Option.scala:224)
	at scala.meta.internal.pc.SignatureHelpProvider$MethodCallTraverser.fromTree(SignatureHelpProvider.scala:271)
	at scala.meta.internal.pc.SignatureHelpProvider.signatureHelp(SignatureHelpProvider.scala:26)

WARN  no build target: C:\Users\USER\OneDrive\Documents\GitHub\Assignment - Functions and Data\Q4\Q4.scala
WARN  no build target: 
Aug 21, 2021 12:41:26 AM scala.meta.internal.pc.CompilerAccess handleError
SEVERE: null
java.lang.NullPointerException
	at scala.meta.internal.pc.HoverProvider.hover(HoverProvider.scala:37)

WARN  no build tool detected in workspace 'C:\Users\USER\OneDrive\Documents\GitHub\Assignment - Functions and Data'. The most common cause for this problem is that the editor was opened in the wrong working directory, for example if you use sbt then the workspace directory should contain build.sbt. 
WARN  no build target: C:\Users\USER\OneDrive\Documents\GitHub\Assignment - Functions and Data\Q4\Q4.scala
WARN  no build target: 
Aug 21, 2021 12:41:58 AM scala.meta.internal.pc.CompilerAccess retryWithCleanCompiler
INFO: compiler crashed due to an error in the Scala compiler, retrying with new compiler instance.
Aug 21, 2021 12:41:58 AM scala.meta.internal.pc.CompilerAccess handleError
SEVERE: scala.reflect.internal.Types$PolyType cannot be cast to scala.reflect.internal.Types$OverloadedType
java.lang.ClassCastException: scala.reflect.internal.Types$PolyType cannot be cast to scala.reflect.internal.Types$OverloadedType
	at scala.reflect.internal.Symbols$Symbol.alternatives(Symbols.scala:1972)
	at scala.meta.internal.pc.SignatureHelpProvider$MethodCall.alternatives(SignatureHelpProvider.scala:146)
	at scala.meta.internal.pc.SignatureHelpProvider$MethodCallTraverser.$anonfun$fromTree$2(SignatureHelpProvider.scala:272)
	at scala.meta.internal.pc.SignatureHelpProvider$MethodCallTraverser.$anonfun$fromTree$2$adapted(SignatureHelpProvider.scala:271)
	at scala.Option$WithFilter.$anonfun$withFilter$1(Option.scala:227)
	at scala.Option$WithFilter.$anonfun$withFilter$1$adapted(Option.scala:227)
	at scala.Option.filter(Option.scala:199)
	at scala.Option$WithFilter.map(Option.scala:224)
	at scala.meta.internal.pc.SignatureHelpProvider$MethodCallTraverser.fromTree(SignatureHelpProvider.scala:271)
	at scala.meta.internal.pc.SignatureHelpProvider.signatureHelp(SignatureHelpProvider.scala:26)

WARN  no build target: C:\Users\USER\OneDrive\Documents\GitHub\Assignment - Functions and Data\Q4\Q4.scala
WARN  no build target: 
WARN  no build tool detected in workspace 'C:\Users\USER\OneDrive\Documents\GitHub\Assignment - Functions and Data'. The most common cause for this problem is that the editor was opened in the wrong working directory, for example if you use sbt then the workspace directory should contain build.sbt. 
Aug 21, 2021 12:47:52 AM scala.meta.internal.pc.CompilerAccess handleError
SEVERE: null
java.lang.NullPointerException
	at scala.meta.internal.pc.HoverProvider.seenFromType(HoverProvider.scala:106)
	at scala.meta.internal.pc.HoverProvider.hover(HoverProvider.scala:42)

WARN  no build target: C:\Users\USER\OneDrive\Documents\GitHub\Assignment - Functions and Data\Q4\Q4.scala
WARN  no build target: 
WARN  no build tool detected in workspace 'C:\Users\USER\OneDrive\Documents\GitHub\Assignment - Functions and Data'. The most common cause for this problem is that the editor was opened in the wrong working directory, for example if you use sbt then the workspace directory should contain build.sbt. 
WARN  no build target: C:\Users\USER\OneDrive\Documents\GitHub\Assignment - Functions and Data\Q4\Q4.scala
WARN  no build target: 
WARN  no build target: C:\Users\USER\OneDrive\Documents\GitHub\Assignment - Functions and Data\Q4\Q4.scala
WARN  no build target: 
WARN  no build tool detected in workspace 'C:\Users\USER\OneDrive\Documents\GitHub\Assignment - Functions and Data'. The most common cause for this problem is that the editor was opened in the wrong working directory, for example if you use sbt then the workspace directory should contain build.sbt. 
WARN  no build target: C:\Users\USER\OneDrive\Documents\GitHub\Assignment - Functions and Data\Q4\Q4.scala
WARN  no build target: 
WARN  no build tool detected in workspace 'C:\Users\USER\OneDrive\Documents\GitHub\Assignment - Functions and Data'. The most common cause for this problem is that the editor was opened in the wrong working directory, for example if you use sbt then the workspace directory should contain build.sbt. 
Aug 21, 2021 12:54:19 AM scala.meta.internal.pc.CompilerAccess handleError
SEVERE: null
java.lang.NullPointerException
	at scala.meta.internal.pc.HoverProvider.seenFromType(HoverProvider.scala:106)
	at scala.meta.internal.pc.HoverProvider.hover(HoverProvider.scala:42)

WARN  no build tool detected in workspace 'C:\Users\USER\OneDrive\Documents\GitHub\Assignment - Functions and Data'. The most common cause for this problem is that the editor was opened in the wrong working directory, for example if you use sbt then the workspace directory should contain build.sbt. 
Aug 21, 2021 12:54:34 AM scala.meta.internal.pc.CompilerAccess handleError
SEVERE: null
java.lang.NullPointerException
	at scala.meta.internal.pc.HoverProvider.seenFromType(HoverProvider.scala:106)
	at scala.meta.internal.pc.HoverProvider.hover(HoverProvider.scala:42)

Aug 21, 2021 12:54:56 AM scala.meta.internal.pc.CompilerAccess handleError
SEVERE: null
java.lang.NullPointerException
	at scala.meta.internal.pc.HoverProvider.seenFromType(HoverProvider.scala:106)
	at scala.meta.internal.pc.HoverProvider.hover(HoverProvider.scala:42)

Aug 21, 2021 12:55:00 AM scala.meta.internal.pc.CompilerAccess handleError
SEVERE: null
java.lang.NullPointerException
	at scala.meta.internal.pc.HoverProvider.seenFromType(HoverProvider.scala:106)
	at scala.meta.internal.pc.HoverProvider.hover(HoverProvider.scala:42)

Aug 21, 2021 12:55:30 AM scala.meta.internal.pc.CompilerAccess handleError
SEVERE: null
java.lang.NullPointerException
	at scala.meta.internal.pc.HoverProvider.seenFromType(HoverProvider.scala:106)
	at scala.meta.internal.pc.HoverProvider.hover(HoverProvider.scala:42)

WARN  no build target: C:\Users\USER\OneDrive\Documents\GitHub\Assignment - Functions and Data\Q4\Q4.scala
WARN  no build target: 
WARN  no build target: C:\Users\USER\OneDrive\Documents\GitHub\Assignment - Functions and Data\Q4\Q4.scala
WARN  no build target: 
WARN  no build tool detected in workspace 'C:\Users\USER\OneDrive\Documents\GitHub\Assignment - Functions and Data'. The most common cause for this problem is that the editor was opened in the wrong working directory, for example if you use sbt then the workspace directory should contain build.sbt. 
WARN  no build tool detected in workspace 'C:\Users\USER\OneDrive\Documents\GitHub\Assignment - Functions and Data'. The most common cause for this problem is that the editor was opened in the wrong working directory, for example if you use sbt then the workspace directory should contain build.sbt. 
WARN  no build tool detected in workspace 'C:\Users\USER\OneDrive\Documents\GitHub\Assignment - Functions and Data'. The most common cause for this problem is that the editor was opened in the wrong working directory, for example if you use sbt then the workspace directory should contain build.sbt. 
WARN  no build tool detected in workspace 'C:\Users\USER\OneDrive\Documents\GitHub\Assignment - Functions and Data'. The most common cause for this problem is that the editor was opened in the wrong working directory, for example if you use sbt then the workspace directory should contain build.sbt. 
WARN  no build tool detected in workspace 'C:\Users\USER\OneDrive\Documents\GitHub\Assignment - Functions and Data'. The most common cause for this problem is that the editor was opened in the wrong working directory, for example if you use sbt then the workspace directory should contain build.sbt. 
WARN  no build tool detected in workspace 'C:\Users\USER\OneDrive\Documents\GitHub\Assignment - Functions and Data'. The most common cause for this problem is that the editor was opened in the wrong working directory, for example if you use sbt then the workspace directory should contain build.sbt. 
WARN  no build tool detected in workspace 'C:\Users\USER\OneDrive\Documents\GitHub\Assignment - Functions and Data'. The most common cause for this problem is that the editor was opened in the wrong working directory, for example if you use sbt then the workspace directory should contain build.sbt. 
Aug 21, 2021 1:01:50 AM scala.meta.internal.pc.CompilerAccess handleError
SEVERE: null
java.lang.NullPointerException
	at scala.meta.internal.pc.HoverProvider.seenFromType(HoverProvider.scala:106)
	at scala.meta.internal.pc.HoverProvider.hover(HoverProvider.scala:42)

something's wrong: no file:///C:/Users/USER/OneDrive/Documents/GitHub/Assignment%20-%20Functions%20and%20Data/Q4/Q4.scala in Array[<error>]RangePosition(file:///C:/Users/USER/OneDrive/Documents/GitHub/Assignment%20-%20Functions%20and%20Data/Q4/Q4.scala, 357, 357, 372)
something's wrong: no file:///C:/Users/USER/OneDrive/Documents/GitHub/Assignment%20-%20Functions%20and%20Data/Q4/Q4.scala in Array[<error>]RangePosition(file:///C:/Users/USER/OneDrive/Documents/GitHub/Assignment%20-%20Functions%20and%20Data/Q4/Q4.scala, 357, 357, 365)
something's wrong: no file:///C:/Users/USER/OneDrive/Documents/GitHub/Assignment%20-%20Functions%20and%20Data/Q4/Q4.scala in Array[<error>]RangePosition(file:///C:/Users/USER/OneDrive/Documents/GitHub/Assignment%20-%20Functions%20and%20Data/Q4/Q4.scala, 357, 357, 367)
something's wrong: no file:///C:/Users/USER/OneDrive/Documents/GitHub/Assignment%20-%20Functions%20and%20Data/Q4/Q4.scala in Array[<error>]RangePosition(file:///C:/Users/USER/OneDrive/Documents/GitHub/Assignment%20-%20Functions%20and%20Data/Q4/Q4.scala, 357, 357, 368)
something's wrong: no file:///C:/Users/USER/OneDrive/Documents/GitHub/Assignment%20-%20Functions%20and%20Data/Q4/Q4.scala in Array[<error>]RangePosition(file:///C:/Users/USER/OneDrive/Documents/GitHub/Assignment%20-%20Functions%20and%20Data/Q4/Q4.scala, 357, 357, 369)
something's wrong: no file:///C:/Users/USER/OneDrive/Documents/GitHub/Assignment%20-%20Functions%20and%20Data/Q4/Q4.scala in Array[<error>]RangePosition(file:///C:/Users/USER/OneDrive/Documents/GitHub/Assignment%20-%20Functions%20and%20Data/Q4/Q4.scala, 357, 357, 370)
something's wrong: no file:///C:/Users/USER/OneDrive/Documents/GitHub/Assignment%20-%20Functions%20and%20Data/Q4/Q4.scala in Array[Account]RangePosition(file:///C:/Users/USER/OneDrive/Documents/GitHub/Assignment%20-%20Functions%20and%20Data/Q4/Q4.scala, 357, 357, 371)
WARN  no build target: C:\Users\USER\OneDrive\Documents\GitHub\Assignment - Functions and Data\Q4\Q4.scala
WARN  no build target: 
WARN  no build target: C:\Users\USER\OneDrive\Documents\GitHub\Assignment - Functions and Data\Q4\Q4.scala
WARN  no build target: 
WARN  no build target: C:\Users\USER\OneDrive\Documents\GitHub\Assignment - Functions and Data\Q4\Q4.scala
WARN  no build target: 
something's wrong: no file:///C:/Users/USER/OneDrive/Documents/GitHub/Assignment%20-%20Functions%20and%20Data/Q4/Q4.scala in Array[<error>]RangePosition(file:///C:/Users/USER/OneDrive/Documents/GitHub/Assignment%20-%20Functions%20and%20Data/Q4/Q4.scala, 867, 867, 882)
something's wrong: no file:///C:/Users/USER/OneDrive/Documents/GitHub/Assignment%20-%20Functions%20and%20Data/Q4/Q4.scala in Array[<error>]RangePosition(file:///C:/Users/USER/OneDrive/Documents/GitHub/Assignment%20-%20Functions%20and%20Data/Q4/Q4.scala, 867, 867, 875)
something's wrong: no file:///C:/Users/USER/OneDrive/Documents/GitHub/Assignment%20-%20Functions%20and%20Data/Q4/Q4.scala in Array[<error>]RangePosition(file:///C:/Users/USER/OneDrive/Documents/GitHub/Assignment%20-%20Functions%20and%20Data/Q4/Q4.scala, 867, 867, 877)
something's wrong: no file:///C:/Users/USER/OneDrive/Documents/GitHub/Assignment%20-%20Functions%20and%20Data/Q4/Q4.scala in Array[<error>]RangePosition(file:///C:/Users/USER/OneDrive/Documents/GitHub/Assignment%20-%20Functions%20and%20Data/Q4/Q4.scala, 867, 867, 878)
something's wrong: no file:///C:/Users/USER/OneDrive/Documents/GitHub/Assignment%20-%20Functions%20and%20Data/Q4/Q4.scala in Array[<error>]RangePosition(file:///C:/Users/USER/OneDrive/Documents/GitHub/Assignment%20-%20Functions%20and%20Data/Q4/Q4.scala, 867, 867, 879)
something's wrong: no file:///C:/Users/USER/OneDrive/Documents/GitHub/Assignment%20-%20Functions%20and%20Data/Q4/Q4.scala in Array[<error>]RangePosition(file:///C:/Users/USER/OneDrive/Documents/GitHub/Assignment%20-%20Functions%20and%20Data/Q4/Q4.scala, 867, 867, 880)
something's wrong: no file:///C:/Users/USER/OneDrive/Documents/GitHub/Assignment%20-%20Functions%20and%20Data/Q4/Q4.scala in Array[Account]RangePosition(file:///C:/Users/USER/OneDrive/Documents/GitHub/Assignment%20-%20Functions%20and%20Data/Q4/Q4.scala, 867, 867, 881)
WARN  no build target: C:\Users\USER\OneDrive\Documents\GitHub\Assignment - Functions and Data\Q4\Q4.scala
WARN  no build target: 
something's wrong: no file:///C:/Users/USER/OneDrive/Documents/GitHub/Assignment%20-%20Functions%20and%20Data/Q4/Q4.scala in Array[<error>]RangePosition(file:///C:/Users/USER/OneDrive/Documents/GitHub/Assignment%20-%20Functions%20and%20Data/Q4/Q4.scala, 359, 359, 374)
something's wrong: no file:///C:/Users/USER/OneDrive/Documents/GitHub/Assignment%20-%20Functions%20and%20Data/Q4/Q4.scala in Array[<error>]RangePosition(file:///C:/Users/USER/OneDrive/Documents/GitHub/Assignment%20-%20Functions%20and%20Data/Q4/Q4.scala, 359, 359, 367)
something's wrong: no file:///C:/Users/USER/OneDrive/Documents/GitHub/Assignment%20-%20Functions%20and%20Data/Q4/Q4.scala in Array[<error>]RangePosition(file:///C:/Users/USER/OneDrive/Documents/GitHub/Assignment%20-%20Functions%20and%20Data/Q4/Q4.scala, 359, 359, 369)
something's wrong: no file:///C:/Users/USER/OneDrive/Documents/GitHub/Assignment%20-%20Functions%20and%20Data/Q4/Q4.scala in Array[<error>]RangePosition(file:///C:/Users/USER/OneDrive/Documents/GitHub/Assignment%20-%20Functions%20and%20Data/Q4/Q4.scala, 359, 359, 370)
something's wrong: no file:///C:/Users/USER/OneDrive/Documents/GitHub/Assignment%20-%20Functions%20and%20Data/Q4/Q4.scala in Array[<error>]RangePosition(file:///C:/Users/USER/OneDrive/Documents/GitHub/Assignment%20-%20Functions%20and%20Data/Q4/Q4.scala, 359, 359, 371)
something's wrong: no file:///C:/Users/USER/OneDrive/Documents/GitHub/Assignment%20-%20Functions%20and%20Data/Q4/Q4.scala in Array[Account]RangePosition(file:///C:/Users/USER/OneDrive/Documents/GitHub/Assignment%20-%20Functions%20and%20Data/Q4/Q4.scala, 359, 359, 373)
WARN  no build target: C:\Users\USER\OneDrive\Documents\GitHub\Assignment - Functions and Data\Q4\Q4.scala
WARN  no build target: 
something's wrong: no file:///C:/Users/USER/OneDrive/Documents/GitHub/Assignment%20-%20Functions%20and%20Data/Q4/Q4.scala in Array[Account]*RangePosition(file:///C:/Users/USER/OneDrive/Documents/GitHub/Assignment%20-%20Functions%20and%20Data/Q4/Q4.scala, 359, 359, 374)
something's wrong: no file:///C:/Users/USER/OneDrive/Documents/GitHub/Assignment%20-%20Functions%20and%20Data/Q4/Q4.scala in Array[Account]*RangePosition(file:///C:/Users/USER/OneDrive/Documents/GitHub/Assignment%20-%20Functions%20and%20Data/Q4/Q4.scala, 359, 359, 374)
something's wrong: no file:///C:/Users/USER/OneDrive/Documents/GitHub/Assignment%20-%20Functions%20and%20Data/Q4/Q4.scala in Array[Account]*RangePosition(file:///C:/Users/USER/OneDrive/Documents/GitHub/Assignment%20-%20Functions%20and%20Data/Q4/Q4.scala, 359, 359, 374)
WARN  no build target: C:\Users\USER\OneDrive\Documents\GitHub\Assignment - Functions and Data\Q4\Q4.scala
WARN  no build target: 
WARN  no build tool detected in workspace 'C:\Users\USER\OneDrive\Documents\GitHub\Assignment - Functions and Data'. The most common cause for this problem is that the editor was opened in the wrong working directory, for example if you use sbt then the workspace directory should contain build.sbt. 
WARN  no build tool detected in workspace 'C:\Users\USER\OneDrive\Documents\GitHub\Assignment - Functions and Data'. The most common cause for this problem is that the editor was opened in the wrong working directory, for example if you use sbt then the workspace directory should contain build.sbt. 
WARN  no build target: C:\Users\USER\OneDrive\Documents\GitHub\Assignment - Functions and Data\Q4\Q4.scala
WARN  no build target: 
WARN  no build tool detected in workspace 'C:\Users\USER\OneDrive\Documents\GitHub\Assignment - Functions and Data'. The most common cause for this problem is that the editor was opened in the wrong working directory, for example if you use sbt then the workspace directory should contain build.sbt. 
WARN  no build tool detected in workspace 'C:\Users\USER\OneDrive\Documents\GitHub\Assignment - Functions and Data'. The most common cause for this problem is that the editor was opened in the wrong working directory, for example if you use sbt then the workspace directory should contain build.sbt. 
WARN  no build target: C:\Users\USER\OneDrive\Documents\GitHub\Assignment - Functions and Data\Q4\Q4.scala
WARN  no build target: 
WARN  no build tool detected in workspace 'C:\Users\USER\OneDrive\Documents\GitHub\Assignment - Functions and Data'. The most common cause for this problem is that the editor was opened in the wrong working directory, for example if you use sbt then the workspace directory should contain build.sbt. 
WARN  no build tool detected in workspace 'C:\Users\USER\OneDrive\Documents\GitHub\Assignment - Functions and Data'. The most common cause for this problem is that the editor was opened in the wrong working directory, for example if you use sbt then the workspace directory should contain build.sbt. 
WARN  no build tool detected in workspace 'C:\Users\USER\OneDrive\Documents\GitHub\Assignment - Functions and Data'. The most common cause for this problem is that the editor was opened in the wrong working directory, for example if you use sbt then the workspace directory should contain build.sbt. 
WARN  no build target: C:\Users\USER\OneDrive\Documents\GitHub\Assignment - Functions and Data\Q4\Q4.scala
WARN  no build target: 
WARN  no build tool detected in workspace 'C:\Users\USER\OneDrive\Documents\GitHub\Assignment - Functions and Data'. The most common cause for this problem is that the editor was opened in the wrong working directory, for example if you use sbt then the workspace directory should contain build.sbt. 
WARN  no build tool detected in workspace 'C:\Users\USER\OneDrive\Documents\GitHub\Assignment - Functions and Data'. The most common cause for this problem is that the editor was opened in the wrong working directory, for example if you use sbt then the workspace directory should contain build.sbt. 
WARN  no build tool detected in workspace 'C:\Users\USER\OneDrive\Documents\GitHub\Assignment - Functions and Data'. The most common cause for this problem is that the editor was opened in the wrong working directory, for example if you use sbt then the workspace directory should contain build.sbt. 
WARN  no build tool detected in workspace 'C:\Users\USER\OneDrive\Documents\GitHub\Assignment - Functions and Data'. The most common cause for this problem is that the editor was opened in the wrong working directory, for example if you use sbt then the workspace directory should contain build.sbt. 
WARN  no build tool detected in workspace 'C:\Users\USER\OneDrive\Documents\GitHub\Assignment - Functions and Data'. The most common cause for this problem is that the editor was opened in the wrong working directory, for example if you use sbt then the workspace directory should contain build.sbt. 
Aug 21, 2021 1:23:36 AM scala.meta.internal.pc.CompilerAccess handleError
SEVERE: null
java.lang.NullPointerException
	at scala.meta.internal.pc.HoverProvider.hover(HoverProvider.scala:37)

WARN  no build tool detected in workspace 'C:\Users\USER\OneDrive\Documents\GitHub\Assignment - Functions and Data'. The most common cause for this problem is that the editor was opened in the wrong working directory, for example if you use sbt then the workspace directory should contain build.sbt. 
WARN  no build tool detected in workspace 'C:\Users\USER\OneDrive\Documents\GitHub\Assignment - Functions and Data'. The most common cause for this problem is that the editor was opened in the wrong working directory, for example if you use sbt then the workspace directory should contain build.sbt. 
WARN  no build tool detected in workspace 'C:\Users\USER\OneDrive\Documents\GitHub\Assignment - Functions and Data'. The most common cause for this problem is that the editor was opened in the wrong working directory, for example if you use sbt then the workspace directory should contain build.sbt. 
WARN  no build tool detected in workspace 'C:\Users\USER\OneDrive\Documents\GitHub\Assignment - Functions and Data'. The most common cause for this problem is that the editor was opened in the wrong working directory, for example if you use sbt then the workspace directory should contain build.sbt. 
WARN  no build tool detected in workspace 'C:\Users\USER\OneDrive\Documents\GitHub\Assignment - Functions and Data'. The most common cause for this problem is that the editor was opened in the wrong working directory, for example if you use sbt then the workspace directory should contain build.sbt. 
WARN  no build tool detected in workspace 'C:\Users\USER\OneDrive\Documents\GitHub\Assignment - Functions and Data'. The most common cause for this problem is that the editor was opened in the wrong working directory, for example if you use sbt then the workspace directory should contain build.sbt. 
WARN  no build tool detected in workspace 'C:\Users\USER\OneDrive\Documents\GitHub\Assignment - Functions and Data'. The most common cause for this problem is that the editor was opened in the wrong working directory, for example if you use sbt then the workspace directory should contain build.sbt. 
WARN  no build tool detected in workspace 'C:\Users\USER\OneDrive\Documents\GitHub\Assignment - Functions and Data'. The most common cause for this problem is that the editor was opened in the wrong working directory, for example if you use sbt then the workspace directory should contain build.sbt. 
WARN  no build tool detected in workspace 'C:\Users\USER\OneDrive\Documents\GitHub\Assignment - Functions and Data'. The most common cause for this problem is that the editor was opened in the wrong working directory, for example if you use sbt then the workspace directory should contain build.sbt. 
WARN  no build tool detected in workspace 'C:\Users\USER\OneDrive\Documents\GitHub\Assignment - Functions and Data'. The most common cause for this problem is that the editor was opened in the wrong working directory, for example if you use sbt then the workspace directory should contain build.sbt. 
WARN  no build tool detected in workspace 'C:\Users\USER\OneDrive\Documents\GitHub\Assignment - Functions and Data'. The most common cause for this problem is that the editor was opened in the wrong working directory, for example if you use sbt then the workspace directory should contain build.sbt. 
WARN  no build tool detected in workspace 'C:\Users\USER\OneDrive\Documents\GitHub\Assignment - Functions and Data'. The most common cause for this problem is that the editor was opened in the wrong working directory, for example if you use sbt then the workspace directory should contain build.sbt. 
WARN  no build target: C:\Users\USER\OneDrive\Documents\GitHub\Assignment - Functions and Data\Q4\Q4.scala
WARN  no build target: 
WARN  no build target: C:\Users\USER\OneDrive\Documents\GitHub\Assignment - Functions and Data\Q4\Q4.scala
WARN  no build target: 
WARN  no build tool detected in workspace 'C:\Users\USER\OneDrive\Documents\GitHub\Assignment - Functions and Data'. The most common cause for this problem is that the editor was opened in the wrong working directory, for example if you use sbt then the workspace directory should contain build.sbt. 
WARN  no build target: C:\Users\USER\OneDrive\Documents\GitHub\Assignment - Functions and Data\Q4\Q4.scala
WARN  no build target: 
WARN  no build tool detected in workspace 'C:\Users\USER\OneDrive\Documents\GitHub\Assignment - Functions and Data'. The most common cause for this problem is that the editor was opened in the wrong working directory, for example if you use sbt then the workspace directory should contain build.sbt. 
WARN  no build target: C:\Users\USER\OneDrive\Documents\GitHub\Assignment - Functions and Data\Q4\Q4.scala
WARN  no build target: 
WARN  no build target: C:\Users\USER\OneDrive\Documents\GitHub\Assignment - Functions and Data\Q4\Q4.scala
WARN  no build target: 
WARN  no build target: C:\Users\USER\OneDrive\Documents\GitHub\Assignment - Functions and Data\Q4\Q4.scala
WARN  no build target: 
WARN  no build target: C:\Users\USER\OneDrive\Documents\GitHub\Assignment - Functions and Data\Q1\Q1.scala
WARN  no build target: 
WARN  no build target: C:\Users\USER\OneDrive\Documents\GitHub\Assignment - Functions and Data\Q2\Q2.scala
WARN  no build target: 
WARN  no build target: C:\Users\USER\OneDrive\Documents\GitHub\Assignment - Functions and Data\Q3\Q3.scala
INFO  shutting down Metals
